<?xml version="1.0" encoding="UTF-8"?>
<testng-results ignored="0" total="1" passed="1" failed="0" skipped="0">
  <reporter-output>
  </reporter-output>
  <suite started-at="2025-09-04T17:22:01 IST" name="Suite" finished-at="2025-09-04T17:22:12 IST" duration-ms="11160">
    <groups>
    </groups>
    <test started-at="2025-09-04T17:22:01 IST" name="Test" finished-at="2025-09-04T17:22:12 IST" duration-ms="11160">
      <class name="SeleniumF.SeleniumFramework.SubmitOrderTest">
        <test-method is-config="true" signature="LaunchApp()[pri:0, instance:SeleniumF.SeleniumFramework.SubmitOrderTest@6cf0e0ba]" started-at="2025-09-04T17:22:01 IST" name="LaunchApp" finished-at="2025-09-04T17:22:03 IST" duration-ms="2358" status="PASS">
          <reporter-output>
          </reporter-output>
        </test-method> <!-- LaunchApp -->
        <test-method signature="submitOrder(java.lang.String,java.lang.String,java.lang.String)[pri:0, instance:SeleniumF.SeleniumFramework.SubmitOrderTest@6cf0e0ba]" started-at="2025-09-04T17:22:03 IST" name="submitOrder" data-provider="getData" finished-at="2025-09-04T17:22:12 IST" duration-ms="8673" status="PASS">
          <params>
            <param index="0">
              <value>
                <![CDATA[sharmajagruti@gmail.com]]>
              </value>
            </param>
            <param index="1">
              <value>
                <![CDATA[J@123456$j]]>
              </value>
            </param>
            <param index="2">
              <value>
                <![CDATA[Laptop]]>
              </value>
            </param>
          </params>
          <reporter-output>
          </reporter-output>
        </test-method> <!-- submitOrder -->
        <test-method is-config="true" signature="closeBrowser()[pri:0, instance:SeleniumF.SeleniumFramework.SubmitOrderTest@6cf0e0ba]" started-at="2025-09-04T17:22:12 IST" name="closeBrowser" finished-at="2025-09-04T17:22:12 IST" duration-ms="74" status="PASS">
          <reporter-output>
          </reporter-output>
        </test-method> <!-- closeBrowser -->
      </class> <!-- SeleniumF.SeleniumFramework.SubmitOrderTest -->
    </test> <!-- Test -->
  </suite> <!-- Suite -->
</testng-results>
